RUN	debitoAutomatico.testes.FirstAccessSuccess	firstaccesssuccess	1658264450524	 	3.6.1
USER	First Access	START	1658264452305
USER	First Access	START	1658264452495
USER	First Access	START	1658264452695
USER	First Access	START	1658264452895
REQUEST		First Access - Successo All	1658264452497	1658264453036	KO	status.find.in(200,201,202,203,204,205,206,207,208,209,304), found 503
USER	First Access	END	1658264453054
USER	First Access	START	1658264453096
REQUEST		First Access - Successo All	1658264452696	1658264453228	KO	status.find.in(200,201,202,203,204,205,206,207,208,209,304), found 503
USER	First Access	END	1658264453230
USER	First Access	START	1658264453296
REQUEST		First Access - Successo All	1658264452896	1658264453433	KO	status.find.in(200,201,202,203,204,205,206,207,208,209,304), found 503
USER	First Access	END	1658264453434
USER	First Access	START	1658264453496
REQUEST		First Access - Successo All	1658264453096	1658264453621	KO	status.find.in(200,201,202,203,204,205,206,207,208,209,304), found 503
USER	First Access	END	1658264453623
USER	First Access	START	1658264453695
REQUEST		First Access - Successo All	1658264453297	1658264453825	KO	status.find.in(200,201,202,203,204,205,206,207,208,209,304), found 503
USER	First Access	END	1658264453827
USER	First Access	START	1658264453896
REQUEST		First Access - Successo All	1658264453497	1658264454030	KO	status.find.in(200,201,202,203,204,205,206,207,208,209,304), found 503
USER	First Access	END	1658264454032
USER	First Access	START	1658264454097
REQUEST		First Access - Successo All	1658264453696	1658264454224	KO	status.find.in(200,201,202,203,204,205,206,207,208,209,304), found 503
USER	First Access	END	1658264454225
USER	First Access	START	1658264454296
USER	First Access	START	1658264454492
REQUEST		First Access - Successo All	1658264453897	1658264454602	KO	status.find.in(200,201,202,203,204,205,206,207,208,209,304), found 503
USER	First Access	END	1658264454604
REQUEST		First Access - Successo All	1658264454098	1658264454626	KO	status.find.in(200,201,202,203,204,205,206,207,208,209,304), found 503
USER	First Access	END	1658264454628
USER	First Access	START	1658264454692
REQUEST		First Access - Successo All	1658264454296	1658264454831	KO	status.find.in(200,201,202,203,204,205,206,207,208,209,304), found 503
REQUEST		First Access - Successo All	1658264452327	1658264454831	KO	status.find.in(200,201,202,203,204,205,206,207,208,209,304), found 503
USER	First Access	END	1658264454832
USER	First Access	END	1658264454832
USER	First Access	START	1658264454892
REQUEST		First Access - Successo All	1658264454493	1658264455034	KO	status.find.in(200,201,202,203,204,205,206,207,208,209,304), found 503
USER	First Access	END	1658264455035
USER	First Access	START	1658264455092
REQUEST		First Access - Successo All	1658264454693	1658264455227	KO	status.find.in(200,201,202,203,204,205,206,207,208,209,304), found 503
USER	First Access	END	1658264455228
USER	First Access	START	1658264455293
USER	First Access	START	1658264455491
REQUEST		First Access - Successo All	1658264454893	1658264455602	KO	status.find.in(200,201,202,203,204,205,206,207,208,209,304), found 503
USER	First Access	END	1658264455604
REQUEST		First Access - Successo All	1658264455093	1658264455626	KO	status.find.in(200,201,202,203,204,205,206,207,208,209,304), found 503
USER	First Access	END	1658264455627
USER	First Access	START	1658264455692
REQUEST		First Access - Successo All	1658264455294	1658264455844	KO	status.find.in(200,201,202,203,204,205,206,207,208,209,304), found 503
USER	First Access	END	1658264455845
USER	First Access	START	1658264455892
REQUEST		First Access - Successo All	1658264455491	1658264456023	KO	status.find.in(200,201,202,203,204,205,206,207,208,209,304), found 503
USER	First Access	END	1658264456025
USER	First Access	START	1658264456091
USER	First Access	START	1658264456292
REQUEST		First Access - Successo All	1658264455693	1658264456320	KO	status.find.in(200,201,202,203,204,205,206,207,208,209,304), found 503
USER	First Access	END	1658264456323
REQUEST		First Access - Successo All	1658264455892	1658264456420	KO	status.find.in(200,201,202,203,204,205,206,207,208,209,304), found 503
USER	First Access	END	1658264456421
USER	First Access	START	1658264456492
REQUEST		First Access - Successo All	1658264456092	1658264456626	KO	status.find.in(200,201,202,203,204,205,206,207,208,209,304), found 503
USER	First Access	END	1658264456627
USER	First Access	START	1658264456692
REQUEST		First Access - Successo All	1658264456292	1658264456827	KO	status.find.in(200,201,202,203,204,205,206,207,208,209,304), found 503
USER	First Access	END	1658264456829
USER	First Access	START	1658264456892
USER	First Access	START	1658264457092
USER	First Access	START	1658264457293
REQUEST		First Access - Successo All	1658264456693	1658264457401	KO	status.find.in(200,201,202,203,204,205,206,207,208,209,304), found 503
USER	First Access	END	1658264457402
REQUEST		First Access - Successo All	1658264456893	1658264457426	KO	status.find.in(200,201,202,203,204,205,206,207,208,209,304), found 503
USER	First Access	END	1658264457428
USER	First Access	START	1658264457492
REQUEST		First Access - Successo All	1658264456493	1658264457559	KO	status.find.in(200,201,202,203,204,205,206,207,208,209,304), found 503
USER	First Access	END	1658264457560
REQUEST		First Access - Successo All	1658264457093	1658264457629	KO	status.find.in(200,201,202,203,204,205,206,207,208,209,304), found 503
USER	First Access	END	1658264457630
USER	First Access	START	1658264457692
REQUEST		First Access - Successo All	1658264457294	1658264457819	KO	status.find.in(200,201,202,203,204,205,206,207,208,209,304), found 503
USER	First Access	END	1658264457820
USER	First Access	START	1658264457892
USER	First Access	START	1658264458092
REQUEST		First Access - Successo All	1658264457693	1658264458218	KO	status.find.in(200,201,202,203,204,205,206,207,208,209,304), found 503
USER	First Access	END	1658264458219
USER	First Access	START	1658264458293
REQUEST		First Access - Successo All	1658264457893	1658264458425	KO	status.find.in(200,201,202,203,204,205,206,207,208,209,304), found 503
USER	First Access	END	1658264458426
REQUEST		First Access - Successo All	1658264457493	1658264458434	KO	status.find.in(200,201,202,203,204,205,206,207,208,209,304), found 503
USER	First Access	END	1658264458435
USER	First Access	START	1658264458491
REQUEST		First Access - Successo All	1658264458093	1658264458625	KO	status.find.in(200,201,202,203,204,205,206,207,208,209,304), found 503
USER	First Access	END	1658264458627
USER	First Access	START	1658264458692
REQUEST		First Access - Successo All	1658264458293	1658264458825	KO	status.find.in(200,201,202,203,204,205,206,207,208,209,304), found 503
USER	First Access	END	1658264458826
USER	First Access	START	1658264458892
REQUEST		First Access - Successo All	1658264458492	1658264459022	KO	status.find.in(200,201,202,203,204,205,206,207,208,209,304), found 503
USER	First Access	END	1658264459023
USER	First Access	START	1658264459092
REQUEST		First Access - Successo All	1658264458693	1658264459218	KO	status.find.in(200,201,202,203,204,205,206,207,208,209,304), found 503
USER	First Access	END	1658264459220
USER	First Access	START	1658264459292
REQUEST		First Access - Successo All	1658264458893	1658264459422	KO	status.find.in(200,201,202,203,204,205,206,207,208,209,304), found 503
USER	First Access	END	1658264459423
USER	First Access	START	1658264459491
USER	First Access	START	1658264459691
REQUEST		First Access - Successo All	1658264459292	1658264459817	KO	status.find.in(200,201,202,203,204,205,206,207,208,209,304), found 503
USER	First Access	END	1658264459818
USER	First Access	START	1658264459893
REQUEST		First Access - Successo All	1658264459492	1658264460036	KO	status.find.in(200,201,202,203,204,205,206,207,208,209,304), found 503
USER	First Access	END	1658264460037
USER	First Access	START	1658264460093
REQUEST		First Access - Successo All	1658264459093	1658264460172	KO	status.find.in(200,201,202,203,204,205,206,207,208,209,304), found 503
USER	First Access	END	1658264460173
REQUEST		First Access - Successo All	1658264459692	1658264460226	KO	status.find.in(200,201,202,203,204,205,206,207,208,209,304), found 503
USER	First Access	END	1658264460227
USER	First Access	START	1658264460292
REQUEST		First Access - Successo All	1658264459894	1658264460419	KO	status.find.in(200,201,202,203,204,205,206,207,208,209,304), found 503
USER	First Access	END	1658264460420
USER	First Access	START	1658264460491
REQUEST		First Access - Successo All	1658264460094	1658264460625	KO	status.find.in(200,201,202,203,204,205,206,207,208,209,304), found 503
USER	First Access	END	1658264460626
USER	First Access	START	1658264460691
REQUEST		First Access - Successo All	1658264460293	1658264460832	KO	status.find.in(200,201,202,203,204,205,206,207,208,209,304), found 503
USER	First Access	END	1658264460834
USER	First Access	START	1658264460891
REQUEST		First Access - Successo All	1658264460492	1658264461024	KO	status.find.in(200,201,202,203,204,205,206,207,208,209,304), found 503
USER	First Access	END	1658264461025
USER	First Access	START	1658264461092
REQUEST		First Access - Successo All	1658264460692	1658264461229	KO	status.find.in(200,201,202,203,204,205,206,207,208,209,304), found 503
USER	First Access	END	1658264461231
USER	First Access	START	1658264461292
REQUEST		First Access - Successo All	1658264460892	1658264461423	KO	status.find.in(200,201,202,203,204,205,206,207,208,209,304), found 503
USER	First Access	END	1658264461424
USER	First Access	START	1658264461491
REQUEST		First Access - Successo All	1658264461093	1658264461630	KO	status.find.in(200,201,202,203,204,205,206,207,208,209,304), found 503
USER	First Access	END	1658264461631
USER	First Access	START	1658264461692
REQUEST		First Access - Successo All	1658264461293	1658264461815	KO	status.find.in(200,201,202,203,204,205,206,207,208,209,304), found 503
USER	First Access	END	1658264461816
USER	First Access	START	1658264461892
USER	First Access	START	1658264462092
REQUEST		First Access - Successo All	1658264461492	1658264462092	KO	status.find.in(200,201,202,203,204,205,206,207,208,209,304), found 503
USER	First Access	END	1658264462093
REQUEST		First Access - Successo All	1658264461693	1658264462219	KO	status.find.in(200,201,202,203,204,205,206,207,208,209,304), found 503
USER	First Access	END	1658264462220
USER	First Access	START	1658264462292
USER	First Access	START	1658264462492
REQUEST		First Access - Successo All	1658264461892	1658264462604	KO	status.find.in(200,201,202,203,204,205,206,207,208,209,304), found 503
USER	First Access	END	1658264462606
REQUEST		First Access - Successo All	1658264462093	1658264462628	KO	status.find.in(200,201,202,203,204,205,206,207,208,209,304), found 503
USER	First Access	END	1658264462629
USER	First Access	START	1658264462691
REQUEST		First Access - Successo All	1658264462293	1658264462819	KO	status.find.in(200,201,202,203,204,205,206,207,208,209,304), found 503
USER	First Access	END	1658264462820
USER	First Access	START	1658264462891
REQUEST		First Access - Successo All	1658264462493	1658264463028	KO	status.find.in(200,201,202,203,204,205,206,207,208,209,304), found 503
USER	First Access	END	1658264463029
USER	First Access	START	1658264463091
REQUEST		First Access - Successo All	1658264462691	1658264463227	KO	status.find.in(200,201,202,203,204,205,206,207,208,209,304), found 503
USER	First Access	END	1658264463228
USER	First Access	START	1658264463291
REQUEST		First Access - Successo All	1658264462891	1658264463424	KO	status.find.in(200,201,202,203,204,205,206,207,208,209,304), found 503
USER	First Access	END	1658264463425
USER	First Access	START	1658264463490
REQUEST		First Access - Successo All	1658264463092	1658264463629	KO	status.find.in(200,201,202,203,204,205,206,207,208,209,304), found 503
USER	First Access	END	1658264463630
USER	First Access	START	1658264463690
REQUEST		First Access - Successo All	1658264463292	1658264463819	KO	status.find.in(200,201,202,203,204,205,206,207,208,209,304), found 503
USER	First Access	END	1658264463820
USER	First Access	START	1658264463891
REQUEST		First Access - Successo All	1658264463491	1658264464015	KO	status.find.in(200,201,202,203,204,205,206,207,208,209,304), found 503
USER	First Access	END	1658264464016
USER	First Access	START	1658264464091
REQUEST		First Access - Successo All	1658264463691	1658264464214	KO	status.find.in(200,201,202,203,204,205,206,207,208,209,304), found 503
USER	First Access	END	1658264464215
USER	First Access	START	1658264464291
REQUEST		First Access - Successo All	1658264463892	1658264464425	KO	status.find.in(200,201,202,203,204,205,206,207,208,209,304), found 503
USER	First Access	END	1658264464426
USER	First Access	START	1658264464491
USER	First Access	START	1658264464691
REQUEST		First Access - Successo All	1658264464092	1658264464791	KO	status.find.in(200,201,202,203,204,205,206,207,208,209,304), found 503
USER	First Access	END	1658264464793
REQUEST		First Access - Successo All	1658264464291	1658264464823	KO	status.find.in(200,201,202,203,204,205,206,207,208,209,304), found 503
USER	First Access	END	1658264464824
USER	First Access	START	1658264464891
REQUEST		First Access - Successo All	1658264464492	1658264465017	KO	status.find.in(200,201,202,203,204,205,206,207,208,209,304), found 503
USER	First Access	END	1658264465018
USER	First Access	START	1658264465092
REQUEST		First Access - Successo All	1658264464691	1658264465219	KO	status.find.in(200,201,202,203,204,205,206,207,208,209,304), found 503
USER	First Access	END	1658264465221
USER	First Access	START	1658264465291
REQUEST		First Access - Successo All	1658264464892	1658264465420	KO	status.find.in(200,201,202,203,204,205,206,207,208,209,304), found 503
USER	First Access	END	1658264465421
USER	First Access	START	1658264465491
REQUEST		First Access - Successo All	1658264465092	1658264465632	KO	status.find.in(200,201,202,203,204,205,206,207,208,209,304), found 503
USER	First Access	END	1658264465633
USER	First Access	START	1658264465690
REQUEST		First Access - Successo All	1658264465292	1658264465822	KO	status.find.in(200,201,202,203,204,205,206,207,208,209,304), found 503
USER	First Access	END	1658264465823
USER	First Access	START	1658264465890
REQUEST		First Access - Successo All	1658264465492	1658264466020	KO	status.find.in(200,201,202,203,204,205,206,207,208,209,304), found 503
USER	First Access	END	1658264466021
USER	First Access	START	1658264466091
USER	First Access	START	1658264466290
REQUEST		First Access - Successo All	1658264465691	1658264466393	KO	status.find.in(200,201,202,203,204,205,206,207,208,209,304), found 503
USER	First Access	END	1658264466394
REQUEST		First Access - Successo All	1658264465891	1658264466416	KO	status.find.in(200,201,202,203,204,205,206,207,208,209,304), found 503
USER	First Access	END	1658264466417
USER	First Access	START	1658264466492
REQUEST		First Access - Successo All	1658264466092	1658264466620	KO	status.find.in(200,201,202,203,204,205,206,207,208,209,304), found 503
USER	First Access	END	1658264466621
USER	First Access	START	1658264466691
REQUEST		First Access - Successo All	1658264466291	1658264466825	KO	status.find.in(200,201,202,203,204,205,206,207,208,209,304), found 503
USER	First Access	END	1658264466826
USER	First Access	START	1658264466891
REQUEST		First Access - Successo All	1658264466492	1658264467026	KO	status.find.in(200,201,202,203,204,205,206,207,208,209,304), found 503
USER	First Access	END	1658264467027
USER	First Access	START	1658264467091
REQUEST		First Access - Successo All	1658264466692	1658264467222	KO	status.find.in(200,201,202,203,204,205,206,207,208,209,304), found 503
USER	First Access	END	1658264467223
USER	First Access	START	1658264467292
REQUEST		First Access - Successo All	1658264466891	1658264467427	KO	status.find.in(200,201,202,203,204,205,206,207,208,209,304), found 503
USER	First Access	END	1658264467428
USER	First Access	START	1658264467491
REQUEST		First Access - Successo All	1658264467091	1658264467617	KO	status.find.in(200,201,202,203,204,205,206,207,208,209,304), found 503
USER	First Access	END	1658264467618
USER	First Access	START	1658264467691
REQUEST		First Access - Successo All	1658264467293	1658264467819	KO	status.find.in(200,201,202,203,204,205,206,207,208,209,304), found 503
USER	First Access	END	1658264467820
USER	First Access	START	1658264467892
REQUEST		First Access - Successo All	1658264467492	1658264468021	KO	status.find.in(200,201,202,203,204,205,206,207,208,209,304), found 503
USER	First Access	END	1658264468022
USER	First Access	START	1658264468092
REQUEST		First Access - Successo All	1658264467691	1658264468220	KO	status.find.in(200,201,202,203,204,205,206,207,208,209,304), found 503
USER	First Access	END	1658264468221
USER	First Access	START	1658264468292
USER	First Access	START	1658264468491
REQUEST		First Access - Successo All	1658264468092	1658264468625	KO	status.find.in(200,201,202,203,204,205,206,207,208,209,304), found 503
USER	First Access	END	1658264468626
USER	First Access	START	1658264468690
REQUEST		First Access - Successo All	1658264468292	1658264468825	KO	status.find.in(200,201,202,203,204,205,206,207,208,209,304), found 503
USER	First Access	END	1658264468826
USER	First Access	START	1658264468891
REQUEST		First Access - Successo All	1658264467892	1658264469010	KO	status.find.in(200,201,202,203,204,205,206,207,208,209,304), found 503
USER	First Access	END	1658264469011
REQUEST		First Access - Successo All	1658264468491	1658264469020	KO	status.find.in(200,201,202,203,204,205,206,207,208,209,304), found 503
USER	First Access	END	1658264469022
USER	First Access	START	1658264469091
USER	First Access	START	1658264469292
USER	First Access	START	1658264469492
REQUEST		First Access - Successo All	1658264468891	1658264469593	KO	status.find.in(200,201,202,203,204,205,206,207,208,209,304), found 503
USER	First Access	END	1658264469594
REQUEST		First Access - Successo All	1658264468691	1658264469614	KO	status.find.in(200,201,202,203,204,205,206,207,208,209,304), found 503
USER	First Access	END	1658264469615
REQUEST		First Access - Successo All	1658264469092	1658264469626	KO	status.find.in(200,201,202,203,204,205,206,207,208,209,304), found 503
USER	First Access	END	1658264469627
USER	First Access	START	1658264469692
USER	First Access	START	1658264469892
REQUEST		First Access - Successo All	1658264469493	1658264470030	KO	status.find.in(200,201,202,203,204,205,206,207,208,209,304), found 503
USER	First Access	END	1658264470031
USER	First Access	START	1658264470092
REQUEST		First Access - Successo All	1658264469292	1658264470132	KO	status.find.in(200,201,202,203,204,205,206,207,208,209,304), found 503
USER	First Access	END	1658264470132
REQUEST		First Access - Successo All	1658264469692	1658264470219	KO	status.find.in(200,201,202,203,204,205,206,207,208,209,304), found 503
USER	First Access	END	1658264470221
USER	First Access	START	1658264470292
USER	First Access	START	1658264470491
REQUEST		First Access - Successo All	1658264470092	1658264470624	KO	status.find.in(200,201,202,203,204,205,206,207,208,209,304), found 503
USER	First Access	END	1658264470624
USER	First Access	START	1658264470691
USER	First Access	START	1658264470892
REQUEST		First Access - Successo All	1658264469892	1658264470949	KO	status.find.in(200,201,202,203,204,205,206,207,208,209,304), found 503
USER	First Access	END	1658264470950
USER	First Access	START	1658264471091
REQUEST		First Access - Successo All	1658264470491	1658264471194	KO	status.find.in(200,201,202,203,204,205,206,207,208,209,304), found 503
USER	First Access	END	1658264471195
REQUEST		First Access - Successo All	1658264470691	1658264471225	KO	status.find.in(200,201,202,203,204,205,206,207,208,209,304), found 503
USER	First Access	END	1658264471226
USER	First Access	START	1658264471292
REQUEST		First Access - Successo All	1658264470892	1658264471418	KO	status.find.in(200,201,202,203,204,205,206,207,208,209,304), found 503
USER	First Access	END	1658264471419
USER	First Access	START	1658264471491
REQUEST		First Access - Successo All	1658264471092	1658264471617	KO	status.find.in(200,201,202,203,204,205,206,207,208,209,304), found 503
USER	First Access	END	1658264471619
USER	First Access	START	1658264471691
REQUEST		First Access - Successo All	1658264471292	1658264471817	KO	status.find.in(200,201,202,203,204,205,206,207,208,209,304), found 503
USER	First Access	END	1658264471818
REQUEST		First Access - Successo All	1658264470293	1658264471843	KO	status.find.in(200,201,202,203,204,205,206,207,208,209,304), found 503
USER	First Access	END	1658264471844
USER	First Access	START	1658264471892
REQUEST		First Access - Successo All	1658264471492	1658264472025	KO	status.find.in(200,201,202,203,204,205,206,207,208,209,304), found 503
USER	First Access	END	1658264472026
USER	First Access	START	1658264472092
REQUEST		First Access - Successo All	1658264471692	1658264472222	KO	status.find.in(200,201,202,203,204,205,206,207,208,209,304), found 503
USER	First Access	END	1658264472223
USER	First Access	START	1658264472293
REQUEST		First Access - Successo All	1658264471893	1658264472415	KO	status.find.in(200,201,202,203,204,205,206,207,208,209,304), found 503
USER	First Access	END	1658264472416
USER	First Access	START	1658264472491
REQUEST		First Access - Successo All	1658264472092	1658264472617	KO	status.find.in(200,201,202,203,204,205,206,207,208,209,304), found 503
USER	First Access	END	1658264472618
USER	First Access	START	1658264472691
USER	First Access	START	1658264472892
REQUEST		First Access - Successo All	1658264472294	1658264473000	KO	status.find.in(200,201,202,203,204,205,206,207,208,209,304), found 503
USER	First Access	END	1658264473001
USER	First Access	START	1658264473091
REQUEST		First Access - Successo All	1658264472491	1658264473191	KO	status.find.in(200,201,202,203,204,205,206,207,208,209,304), found 503
USER	First Access	END	1658264473192
REQUEST		First Access - Successo All	1658264472692	1658264473216	KO	status.find.in(200,201,202,203,204,205,206,207,208,209,304), found 503
USER	First Access	END	1658264473217
USER	First Access	START	1658264473292
REQUEST		First Access - Successo All	1658264472892	1658264473441	KO	status.find.in(200,201,202,203,204,205,206,207,208,209,304), found 503
USER	First Access	END	1658264473442
USER	First Access	START	1658264473491
REQUEST		First Access - Successo All	1658264473092	1658264473615	KO	status.find.in(200,201,202,203,204,205,206,207,208,209,304), found 503
USER	First Access	END	1658264473616
USER	First Access	START	1658264473691
REQUEST		First Access - Successo All	1658264473292	1658264473826	KO	status.find.in(200,201,202,203,204,205,206,207,208,209,304), found 503
USER	First Access	END	1658264473827
USER	First Access	START	1658264473892
USER	First Access	START	1658264474091
REQUEST		First Access - Successo All	1658264473692	1658264474214	KO	status.find.in(200,201,202,203,204,205,206,207,208,209,304), found 503
USER	First Access	END	1658264474215
USER	First Access	START	1658264474292
REQUEST		First Access - Successo All	1658264473892	1658264474415	KO	status.find.in(200,201,202,203,204,205,206,207,208,209,304), found 503
USER	First Access	END	1658264474416
USER	First Access	START	1658264474491
REQUEST		First Access - Successo All	1658264473492	1658264474548	KO	status.find.in(200,201,202,203,204,205,206,207,208,209,304), found 503
USER	First Access	END	1658264474549
USER	First Access	START	1658264474691
REQUEST		First Access - Successo All	1658264474293	1658264474816	KO	status.find.in(200,201,202,203,204,205,206,207,208,209,304), found 503
USER	First Access	END	1658264474817
USER	First Access	START	1658264474892
REQUEST		First Access - Successo All	1658264474492	1658264475033	KO	status.find.in(200,201,202,203,204,205,206,207,208,209,304), found 503
USER	First Access	END	1658264475034
USER	First Access	START	1658264475092
REQUEST		First Access - Successo All	1658264474092	1658264475208	KO	status.find.in(200,201,202,203,204,205,206,207,208,209,304), found 503
USER	First Access	END	1658264475209
REQUEST		First Access - Successo All	1658264474692	1658264475222	KO	status.find.in(200,201,202,203,204,205,206,207,208,209,304), found 503
USER	First Access	END	1658264475223
USER	First Access	START	1658264475292
USER	First Access	START	1658264475490
REQUEST		First Access - Successo All	1658264475093	1658264475621	KO	status.find.in(200,201,202,203,204,205,206,207,208,209,304), found 503
USER	First Access	END	1658264475622
USER	First Access	START	1658264475691
REQUEST		First Access - Successo All	1658264475293	1658264475821	KO	status.find.in(200,201,202,203,204,205,206,207,208,209,304), found 503
USER	First Access	END	1658264475822
USER	First Access	START	1658264475891
REQUEST		First Access - Successo All	1658264475490	1658264476015	KO	status.find.in(200,201,202,203,204,205,206,207,208,209,304), found 503
USER	First Access	END	1658264476016
USER	First Access	START	1658264476091
REQUEST		First Access - Successo All	1658264475692	1658264476217	KO	status.find.in(200,201,202,203,204,205,206,207,208,209,304), found 503
USER	First Access	END	1658264476218
USER	First Access	START	1658264476292
REQUEST		First Access - Successo All	1658264475892	1658264476418	KO	status.find.in(200,201,202,203,204,205,206,207,208,209,304), found 503
USER	First Access	END	1658264476419
USER	First Access	START	1658264476490
REQUEST		First Access - Successo All	1658264474892	1658264476592	KO	status.find.in(200,201,202,203,204,205,206,207,208,209,304), found 503
USER	First Access	END	1658264476593
REQUEST		First Access - Successo All	1658264476092	1658264476624	KO	status.find.in(200,201,202,203,204,205,206,207,208,209,304), found 503
USER	First Access	END	1658264476625
USER	First Access	START	1658264476691
USER	First Access	START	1658264476890
REQUEST		First Access - Successo All	1658264476491	1658264477023	KO	status.find.in(200,201,202,203,204,205,206,207,208,209,304), found 503
USER	First Access	END	1658264477024
USER	First Access	START	1658264477092
REQUEST		First Access - Successo All	1658264476292	1658264477127	KO	status.find.in(200,201,202,203,204,205,206,207,208,209,304), found 503
USER	First Access	END	1658264477128
USER	First Access	START	1658264477292
REQUEST		First Access - Successo All	1658264476891	1658264477420	KO	status.find.in(200,201,202,203,204,205,206,207,208,209,304), found 503
USER	First Access	END	1658264477421
USER	First Access	START	1658264477491
REQUEST		First Access - Successo All	1658264477092	1658264477624	KO	status.find.in(200,201,202,203,204,205,206,207,208,209,304), found 503
USER	First Access	END	1658264477625
USER	First Access	START	1658264477691
REQUEST		First Access - Successo All	1658264477293	1658264477827	KO	status.find.in(200,201,202,203,204,205,206,207,208,209,304), found 503
USER	First Access	END	1658264477828
USER	First Access	START	1658264477892
REQUEST		First Access - Successo All	1658264476692	1658264477929	KO	status.find.in(200,201,202,203,204,205,206,207,208,209,304), found 503
USER	First Access	END	1658264477931
REQUEST		First Access - Successo All	1658264477492	1658264478021	KO	status.find.in(200,201,202,203,204,205,206,207,208,209,304), found 503
USER	First Access	END	1658264478022
USER	First Access	START	1658264478091
REQUEST		First Access - Successo All	1658264477693	1658264478230	KO	status.find.in(200,201,202,203,204,205,206,207,208,209,304), found 503
USER	First Access	END	1658264478232
USER	First Access	START	1658264478292
REQUEST		First Access - Successo All	1658264477892	1658264478415	KO	status.find.in(200,201,202,203,204,205,206,207,208,209,304), found 503
USER	First Access	END	1658264478416
USER	First Access	START	1658264478490
REQUEST		First Access - Successo All	1658264478091	1658264478622	KO	status.find.in(200,201,202,203,204,205,206,207,208,209,304), found 503
USER	First Access	END	1658264478623
USER	First Access	START	1658264478691
REQUEST		First Access - Successo All	1658264478293	1658264478827	KO	status.find.in(200,201,202,203,204,205,206,207,208,209,304), found 503
USER	First Access	END	1658264478828
USER	First Access	START	1658264478891
REQUEST		First Access - Successo All	1658264478491	1658264479015	KO	status.find.in(200,201,202,203,204,205,206,207,208,209,304), found 503
USER	First Access	END	1658264479016
USER	First Access	START	1658264479091
REQUEST		First Access - Successo All	1658264478691	1658264479223	KO	status.find.in(200,201,202,203,204,205,206,207,208,209,304), found 503
USER	First Access	END	1658264479224
USER	First Access	START	1658264479290
USER	First Access	START	1658264479490
USER	First Access	START	1658264479691
REQUEST		First Access - Successo All	1658264479291	1658264479814	KO	status.find.in(200,201,202,203,204,205,206,207,208,209,304), found 503
USER	First Access	END	1658264479815
USER	First Access	START	1658264479891
REQUEST		First Access - Successo All	1658264479491	1658264480022	KO	status.find.in(200,201,202,203,204,205,206,207,208,209,304), found 503
USER	First Access	END	1658264480022
USER	First Access	START	1658264480091
REQUEST		First Access - Successo All	1658264479092	1658264480163	KO	status.find.in(200,201,202,203,204,205,206,207,208,209,304), found 503
USER	First Access	END	1658264480164
USER	First Access	START	1658264480291
REQUEST		First Access - Successo All	1658264478891	1658264480371	KO	status.find.in(200,201,202,203,204,205,206,207,208,209,304), found 503
USER	First Access	END	1658264480372
REQUEST		First Access - Successo All	1658264479691	1658264480399	KO	status.find.in(200,201,202,203,204,205,206,207,208,209,304), found 503
USER	First Access	END	1658264480400
REQUEST		First Access - Successo All	1658264479892	1658264480416	KO	status.find.in(200,201,202,203,204,205,206,207,208,209,304), found 503
USER	First Access	END	1658264480417
USER	First Access	START	1658264480491
USER	First Access	START	1658264480690
REQUEST		First Access - Successo All	1658264480092	1658264480796	KO	status.find.in(200,201,202,203,204,205,206,207,208,209,304), found 503
USER	First Access	END	1658264480797
REQUEST		First Access - Successo All	1658264480292	1658264480816	KO	status.find.in(200,201,202,203,204,205,206,207,208,209,304), found 503
USER	First Access	END	1658264480817
USER	First Access	START	1658264480890
USER	First Access	START	1658264481092
USER	First Access	START	1658264481292
REQUEST		First Access - Successo All	1658264480491	1658264481406	KO	status.find.in(200,201,202,203,204,205,206,207,208,209,304), found 503
USER	First Access	END	1658264481406
USER	First Access	START	1658264481491
REQUEST		First Access - Successo All	1658264480891	1658264481597	KO	status.find.in(200,201,202,203,204,205,206,207,208,209,304), found 503
USER	First Access	END	1658264481598
REQUEST		First Access - Successo All	1658264481092	1658264481629	KO	status.find.in(200,201,202,203,204,205,206,207,208,209,304), found 503
USER	First Access	END	1658264481630
USER	First Access	START	1658264481691
REQUEST		First Access - Successo All	1658264480691	1658264481802	KO	status.find.in(200,201,202,203,204,205,206,207,208,209,304), found 503
USER	First Access	END	1658264481803
REQUEST		First Access - Successo All	1658264481292	1658264481821	KO	status.find.in(200,201,202,203,204,205,206,207,208,209,304), found 503
USER	First Access	END	1658264481822
USER	First Access	START	1658264481892
REQUEST		First Access - Successo All	1658264481492	1658264482020	KO	status.find.in(200,201,202,203,204,205,206,207,208,209,304), found 503
USER	First Access	END	1658264482020
USER	First Access	START	1658264482092
REQUEST		First Access - Successo All	1658264481692	1658264482222	KO	status.find.in(200,201,202,203,204,205,206,207,208,209,304), found 503
USER	First Access	END	1658264482223
USER	First Access	START	1658264482293
REQUEST		First Access - Successo All	1658264481892	1658264482424	KO	status.find.in(200,201,202,203,204,205,206,207,208,209,304), found 503
USER	First Access	END	1658264482425
USER	First Access	START	1658264482492
USER	First Access	START	1658264482691
REQUEST		First Access - Successo All	1658264482293	1658264482821	KO	status.find.in(200,201,202,203,204,205,206,207,208,209,304), found 503
USER	First Access	END	1658264482822
USER	First Access	START	1658264482891
REQUEST		First Access - Successo All	1658264482492	1658264483018	KO	status.find.in(200,201,202,203,204,205,206,207,208,209,304), found 503
USER	First Access	END	1658264483019
USER	First Access	START	1658264483092
USER	First Access	START	1658264483293
REQUEST		First Access - Successo All	1658264482692	1658264483398	KO	status.find.in(200,201,202,203,204,205,206,207,208,209,304), found 503
USER	First Access	END	1658264483399
REQUEST		First Access - Successo All	1658264482892	1658264483426	KO	status.find.in(200,201,202,203,204,205,206,207,208,209,304), found 503
USER	First Access	END	1658264483426
USER	First Access	START	1658264483491
USER	First Access	START	1658264483692
REQUEST		First Access - Successo All	1658264483293	1658264483815	KO	status.find.in(200,201,202,203,204,205,206,207,208,209,304), found 503
USER	First Access	END	1658264483816
USER	First Access	START	1658264483892
USER	First Access	START	1658264484092
REQUEST		First Access - Successo All	1658264483492	1658264484195	KO	status.find.in(200,201,202,203,204,205,206,207,208,209,304), found 503
USER	First Access	END	1658264484196
USER	First Access	START	1658264484292
REQUEST		First Access - Successo All	1658264482092	1658264484371	KO	status.find.in(200,201,202,203,204,205,206,207,208,209,304), found 503
USER	First Access	END	1658264484372
REQUEST		First Access - Successo All	1658264483692	1658264484402	KO	status.find.in(200,201,202,203,204,205,206,207,208,209,304), found 503
USER	First Access	END	1658264484402
REQUEST		First Access - Successo All	1658264483893	1658264484426	KO	status.find.in(200,201,202,203,204,205,206,207,208,209,304), found 503
USER	First Access	END	1658264484427
USER	First Access	START	1658264484491
USER	First Access	START	1658264484691
REQUEST		First Access - Successo All	1658264484292	1658264484817	KO	status.find.in(200,201,202,203,204,205,206,207,208,209,304), found 503
USER	First Access	END	1658264484818
REQUEST		First Access - Successo All	1658264483092	1658264484885	KO	status.find.in(200,201,202,203,204,205,206,207,208,209,304), found 503
USER	First Access	END	1658264484886
USER	First Access	START	1658264484890
REQUEST		First Access - Successo All	1658264484492	1658264485016	KO	status.find.in(200,201,202,203,204,205,206,207,208,209,304), found 503
USER	First Access	END	1658264485017
USER	First Access	START	1658264485092
REQUEST		First Access - Successo All	1658264484093	1658264485146	KO	status.find.in(200,201,202,203,204,205,206,207,208,209,304), found 503
USER	First Access	END	1658264485147
USER	First Access	START	1658264485291
USER	First Access	START	1658264485491
REQUEST		First Access - Successo All	1658264485092	1658264485618	KO	status.find.in(200,201,202,203,204,205,206,207,208,209,304), found 503
USER	First Access	END	1658264485619
USER	First Access	START	1658264485690
REQUEST		First Access - Successo All	1658264484891	1658264485728	KO	status.find.in(200,201,202,203,204,205,206,207,208,209,304), found 503
USER	First Access	END	1658264485729
REQUEST		First Access - Successo All	1658264485292	1658264485817	KO	status.find.in(200,201,202,203,204,205,206,207,208,209,304), found 503
USER	First Access	END	1658264485818
USER	First Access	START	1658264485891
REQUEST		First Access - Successo All	1658264485492	1658264486016	KO	status.find.in(200,201,202,203,204,205,206,207,208,209,304), found 503
USER	First Access	END	1658264486016
USER	First Access	START	1658264486091
REQUEST		First Access - Successo All	1658264484692	1658264486218	KO	status.find.in(200,201,202,203,204,205,206,207,208,209,304), found 503
USER	First Access	END	1658264486218
REQUEST		First Access - Successo All	1658264485691	1658264486225	KO	status.find.in(200,201,202,203,204,205,206,207,208,209,304), found 503
USER	First Access	END	1658264486226
USER	First Access	START	1658264486292
REQUEST		First Access - Successo All	1658264485892	1658264486425	KO	status.find.in(200,201,202,203,204,205,206,207,208,209,304), found 503
USER	First Access	END	1658264486426
USER	First Access	START	1658264486491
REQUEST		First Access - Successo All	1658264486091	1658264486618	KO	status.find.in(200,201,202,203,204,205,206,207,208,209,304), found 503
USER	First Access	END	1658264486619
USER	First Access	START	1658264486691
REQUEST		First Access - Successo All	1658264486292	1658264486830	KO	status.find.in(200,201,202,203,204,205,206,207,208,209,304), found 503
USER	First Access	END	1658264486831
USER	First Access	START	1658264486892
REQUEST		First Access - Successo All	1658264486492	1658264487017	KO	status.find.in(200,201,202,203,204,205,206,207,208,209,304), found 503
USER	First Access	END	1658264487017
USER	First Access	START	1658264487092
REQUEST		First Access - Successo All	1658264486691	1658264487216	KO	status.find.in(200,201,202,203,204,205,206,207,208,209,304), found 503
USER	First Access	END	1658264487217
USER	First Access	START	1658264487292
REQUEST		First Access - Successo All	1658264486892	1658264487424	KO	status.find.in(200,201,202,203,204,205,206,207,208,209,304), found 503
USER	First Access	END	1658264487425
USER	First Access	START	1658264487491
USER	First Access	START	1658264487691
REQUEST		First Access - Successo All	1658264487092	1658264487801	KO	status.find.in(200,201,202,203,204,205,206,207,208,209,304), found 503
USER	First Access	END	1658264487802
USER	First Access	START	1658264487891
REQUEST		First Access - Successo All	1658264487292	1658264488001	KO	status.find.in(200,201,202,203,204,205,206,207,208,209,304), found 503
USER	First Access	END	1658264488002
REQUEST		First Access - Successo All	1658264487492	1658264488016	KO	status.find.in(200,201,202,203,204,205,206,207,208,209,304), found 503
USER	First Access	END	1658264488017
USER	First Access	START	1658264488091
REQUEST		First Access - Successo All	1658264487691	1658264488227	KO	status.find.in(200,201,202,203,204,205,206,207,208,209,304), found 503
USER	First Access	END	1658264488228
USER	First Access	START	1658264488293
REQUEST		First Access - Successo All	1658264487891	1658264488424	KO	status.find.in(200,201,202,203,204,205,206,207,208,209,304), found 503
USER	First Access	END	1658264488425
USER	First Access	START	1658264488491
REQUEST		First Access - Successo All	1658264488091	1658264488623	KO	status.find.in(200,201,202,203,204,205,206,207,208,209,304), found 503
USER	First Access	END	1658264488624
USER	First Access	START	1658264488691
REQUEST		First Access - Successo All	1658264488293	1658264488817	KO	status.find.in(200,201,202,203,204,205,206,207,208,209,304), found 503
USER	First Access	END	1658264488818
USER	First Access	START	1658264488891
USER	First Access	START	1658264489092
REQUEST		First Access - Successo All	1658264488492	1658264489197	KO	status.find.in(200,201,202,203,204,205,206,207,208,209,304), found 503
USER	First Access	END	1658264489197
REQUEST		First Access - Successo All	1658264488692	1658264489243	KO	status.find.in(200,201,202,203,204,205,206,207,208,209,304), found 503
USER	First Access	END	1658264489244
USER	First Access	START	1658264489292
REQUEST		First Access - Successo All	1658264488892	1658264489422	KO	status.find.in(200,201,202,203,204,205,206,207,208,209,304), found 503
USER	First Access	END	1658264489423
USER	First Access	START	1658264489491
REQUEST		First Access - Successo All	1658264489092	1658264489625	KO	status.find.in(200,201,202,203,204,205,206,207,208,209,304), found 503
USER	First Access	END	1658264489626
USER	First Access	START	1658264489691
REQUEST		First Access - Successo All	1658264489292	1658264489824	KO	status.find.in(200,201,202,203,204,205,206,207,208,209,304), found 503
USER	First Access	END	1658264489825
USER	First Access	START	1658264489892
REQUEST		First Access - Successo All	1658264489492	1658264490030	KO	status.find.in(200,201,202,203,204,205,206,207,208,209,304), found 503
USER	First Access	END	1658264490031
USER	First Access	START	1658264490091
REQUEST		First Access - Successo All	1658264489691	1658264490223	KO	status.find.in(200,201,202,203,204,205,206,207,208,209,304), found 503
USER	First Access	END	1658264490224
USER	First Access	START	1658264490292
REQUEST		First Access - Successo All	1658264489892	1658264490434	KO	status.find.in(200,201,202,203,204,205,206,207,208,209,304), found 503
USER	First Access	END	1658264490435
USER	First Access	START	1658264490491
REQUEST		First Access - Successo All	1658264490091	1658264490619	KO	status.find.in(200,201,202,203,204,205,206,207,208,209,304), found 503
USER	First Access	END	1658264490620
USER	First Access	START	1658264490691
REQUEST		First Access - Successo All	1658264490293	1658264490825	KO	status.find.in(200,201,202,203,204,205,206,207,208,209,304), found 503
USER	First Access	END	1658264490827
USER	First Access	START	1658264490892
REQUEST		First Access - Successo All	1658264490492	1658264491025	KO	status.find.in(200,201,202,203,204,205,206,207,208,209,304), found 503
USER	First Access	END	1658264491026
USER	First Access	START	1658264491092
REQUEST		First Access - Successo All	1658264490691	1658264491213	KO	status.find.in(200,201,202,203,204,205,206,207,208,209,304), found 503
USER	First Access	END	1658264491214
USER	First Access	START	1658264491292
REQUEST		First Access - Successo All	1658264490892	1658264491423	KO	status.find.in(200,201,202,203,204,205,206,207,208,209,304), found 503
USER	First Access	END	1658264491424
USER	First Access	START	1658264491491
USER	First Access	START	1658264491692
REQUEST		First Access - Successo All	1658264491292	1658264491828	KO	status.find.in(200,201,202,203,204,205,206,207,208,209,304), found 503
USER	First Access	END	1658264491829
USER	First Access	START	1658264491891
REQUEST		First Access - Successo All	1658264491492	1658264492018	KO	status.find.in(200,201,202,203,204,205,206,207,208,209,304), found 503
USER	First Access	END	1658264492019
REQUEST		First Access - Successo All	1658264491092	1658264492035	KO	status.find.in(200,201,202,203,204,205,206,207,208,209,304), found 503
USER	First Access	END	1658264492036
USER	First Access	START	1658264492092
USER	First Access	START	1658264492291
REQUEST		First Access - Successo All	1658264491892	1658264492424	KO	status.find.in(200,201,202,203,204,205,206,207,208,209,304), found 503
USER	First Access	END	1658264492425
USER	First Access	START	1658264492492
REQUEST		First Access - Successo All	1658264492092	1658264492624	KO	status.find.in(200,201,202,203,204,205,206,207,208,209,304), found 503
USER	First Access	END	1658264492625
USER	First Access	START	1658264492692
REQUEST		First Access - Successo All	1658264491692	1658264492804	KO	status.find.in(200,201,202,203,204,205,206,207,208,209,304), found 503
USER	First Access	END	1658264492805
REQUEST		First Access - Successo All	1658264492291	1658264492817	KO	status.find.in(200,201,202,203,204,205,206,207,208,209,304), found 503
USER	First Access	END	1658264492818
USER	First Access	START	1658264492892
REQUEST		First Access - Successo All	1658264492492	1658264493016	KO	status.find.in(200,201,202,203,204,205,206,207,208,209,304), found 503
USER	First Access	END	1658264493017
USER	First Access	START	1658264493091
USER	First Access	START	1658264493292
REQUEST		First Access - Successo All	1658264492692	1658264493400	KO	status.find.in(200,201,202,203,204,205,206,207,208,209,304), found 503
USER	First Access	END	1658264493401
USER	First Access	START	1658264493491
REQUEST		First Access - Successo All	1658264493092	1658264493628	KO	status.find.in(200,201,202,203,204,205,206,207,208,209,304), found 503
USER	First Access	END	1658264493628
USER	First Access	START	1658264493691
REQUEST		First Access - Successo All	1658264493292	1658264493815	KO	status.find.in(200,201,202,203,204,205,206,207,208,209,304), found 503
USER	First Access	END	1658264493816
USER	First Access	START	1658264493892
REQUEST		First Access - Successo All	1658264492892	1658264493954	KO	status.find.in(200,201,202,203,204,205,206,207,208,209,304), found 503
USER	First Access	END	1658264493955
REQUEST		First Access - Successo All	1658264493492	1658264494022	KO	status.find.in(200,201,202,203,204,205,206,207,208,209,304), found 503
USER	First Access	END	1658264494023
USER	First Access	START	1658264494092
REQUEST		First Access - Successo All	1658264493691	1658264494213	KO	status.find.in(200,201,202,203,204,205,206,207,208,209,304), found 503
USER	First Access	END	1658264494214
USER	First Access	START	1658264494292
REQUEST		First Access - Successo All	1658264493893	1658264494422	KO	status.find.in(200,201,202,203,204,205,206,207,208,209,304), found 503
USER	First Access	END	1658264494423
USER	First Access	START	1658264494491
REQUEST		First Access - Successo All	1658264494092	1658264494616	KO	status.find.in(200,201,202,203,204,205,206,207,208,209,304), found 503
USER	First Access	END	1658264494617
USER	First Access	START	1658264494691
REQUEST		First Access - Successo All	1658264494292	1658264494832	KO	status.find.in(200,201,202,203,204,205,206,207,208,209,304), found 503
USER	First Access	END	1658264494833
USER	First Access	START	1658264494892
REQUEST		First Access - Successo All	1658264494491	1658264495020	KO	status.find.in(200,201,202,203,204,205,206,207,208,209,304), found 503
USER	First Access	END	1658264495021
USER	First Access	START	1658264495092
USER	First Access	START	1658264495291
REQUEST		First Access - Successo All	1658264494892	1658264495417	KO	status.find.in(200,201,202,203,204,205,206,207,208,209,304), found 503
USER	First Access	END	1658264495418
USER	First Access	START	1658264495491
REQUEST		First Access - Successo All	1658264494692	1658264495613	KO	status.find.in(200,201,202,203,204,205,206,207,208,209,304), found 503
USER	First Access	END	1658264495614
REQUEST		First Access - Successo All	1658264495092	1658264495620	KO	status.find.in(200,201,202,203,204,205,206,207,208,209,304), found 503
USER	First Access	END	1658264495621
USER	First Access	START	1658264495691
REQUEST		First Access - Successo All	1658264495292	1658264495816	KO	status.find.in(200,201,202,203,204,205,206,207,208,209,304), found 503
USER	First Access	END	1658264495817
USER	First Access	START	1658264495892
REQUEST		First Access - Successo All	1658264495492	1658264496021	KO	status.find.in(200,201,202,203,204,205,206,207,208,209,304), found 503
USER	First Access	END	1658264496021
USER	First Access	START	1658264496092
REQUEST		First Access - Successo All	1658264495691	1658264496216	KO	status.find.in(200,201,202,203,204,205,206,207,208,209,304), found 503
USER	First Access	END	1658264496217
USER	First Access	START	1658264496291
REQUEST		First Access - Successo All	1658264495892	1658264496422	KO	status.find.in(200,201,202,203,204,205,206,207,208,209,304), found 503
USER	First Access	END	1658264496423
USER	First Access	START	1658264496492
USER	First Access	START	1658264496692
REQUEST		First Access - Successo All	1658264496092	1658264496801	KO	status.find.in(200,201,202,203,204,205,206,207,208,209,304), found 503
USER	First Access	END	1658264496801
REQUEST		First Access - Successo All	1658264496292	1658264496829	KO	status.find.in(200,201,202,203,204,205,206,207,208,209,304), found 503
USER	First Access	END	1658264496830
USER	First Access	START	1658264496891
REQUEST		First Access - Successo All	1658264496492	1658264497022	KO	status.find.in(200,201,202,203,204,205,206,207,208,209,304), found 503
USER	First Access	END	1658264497023
USER	First Access	START	1658264497092
REQUEST		First Access - Successo All	1658264496692	1658264497225	KO	status.find.in(200,201,202,203,204,205,206,207,208,209,304), found 503
USER	First Access	END	1658264497226
USER	First Access	START	1658264497292
REQUEST		First Access - Successo All	1658264496891	1658264497416	KO	status.find.in(200,201,202,203,204,205,206,207,208,209,304), found 503
USER	First Access	END	1658264497417
USER	First Access	START	1658264497491
REQUEST		First Access - Successo All	1658264497092	1658264497627	KO	status.find.in(200,201,202,203,204,205,206,207,208,209,304), found 503
USER	First Access	END	1658264497627
USER	First Access	START	1658264497691
REQUEST		First Access - Successo All	1658264497293	1658264497841	KO	status.find.in(200,201,202,203,204,205,206,207,208,209,304), found 503
USER	First Access	END	1658264497842
USER	First Access	START	1658264497891
REQUEST		First Access - Successo All	1658264497491	1658264498023	KO	status.find.in(200,201,202,203,204,205,206,207,208,209,304), found 503
USER	First Access	END	1658264498023
USER	First Access	START	1658264498091
REQUEST		First Access - Successo All	1658264497691	1658264498233	KO	status.find.in(200,201,202,203,204,205,206,207,208,209,304), found 503
USER	First Access	END	1658264498234
USER	First Access	START	1658264498292
REQUEST		First Access - Successo All	1658264497891	1658264498416	KO	status.find.in(200,201,202,203,204,205,206,207,208,209,304), found 503
USER	First Access	END	1658264498417
USER	First Access	START	1658264498490
REQUEST		First Access - Successo All	1658264498091	1658264498626	KO	status.find.in(200,201,202,203,204,205,206,207,208,209,304), found 503
USER	First Access	END	1658264498626
USER	First Access	START	1658264498691
REQUEST		First Access - Successo All	1658264498292	1658264498816	KO	status.find.in(200,201,202,203,204,205,206,207,208,209,304), found 503
USER	First Access	END	1658264498817
USER	First Access	START	1658264498891
REQUEST		First Access - Successo All	1658264498491	1658264499019	KO	status.find.in(200,201,202,203,204,205,206,207,208,209,304), found 503
USER	First Access	END	1658264499019
USER	First Access	START	1658264499092
REQUEST		First Access - Successo All	1658264498692	1658264499232	KO	status.find.in(200,201,202,203,204,205,206,207,208,209,304), found 503
USER	First Access	END	1658264499233
USER	First Access	START	1658264499292
REQUEST		First Access - Successo All	1658264498892	1658264499419	KO	status.find.in(200,201,202,203,204,205,206,207,208,209,304), found 503
USER	First Access	END	1658264499420
USER	First Access	START	1658264499491
REQUEST		First Access - Successo All	1658264499092	1658264499626	KO	status.find.in(200,201,202,203,204,205,206,207,208,209,304), found 503
USER	First Access	END	1658264499627
USER	First Access	START	1658264499691
REQUEST		First Access - Successo All	1658264499292	1658264499824	KO	status.find.in(200,201,202,203,204,205,206,207,208,209,304), found 503
USER	First Access	END	1658264499825
USER	First Access	START	1658264499891
REQUEST		First Access - Successo All	1658264499492	1658264500025	KO	status.find.in(200,201,202,203,204,205,206,207,208,209,304), found 503
USER	First Access	END	1658264500025
USER	First Access	START	1658264500092
REQUEST		First Access - Successo All	1658264499691	1658264500216	KO	status.find.in(200,201,202,203,204,205,206,207,208,209,304), found 503
USER	First Access	END	1658264500217
USER	First Access	START	1658264500291
REQUEST		First Access - Successo All	1658264499891	1658264500424	KO	status.find.in(200,201,202,203,204,205,206,207,208,209,304), found 503
USER	First Access	END	1658264500425
USER	First Access	START	1658264500490
REQUEST		First Access - Successo All	1658264500092	1658264500618	KO	status.find.in(200,201,202,203,204,205,206,207,208,209,304), found 503
USER	First Access	END	1658264500619
USER	First Access	START	1658264500691
REQUEST		First Access - Successo All	1658264500292	1658264500825	KO	status.find.in(200,201,202,203,204,205,206,207,208,209,304), found 503
USER	First Access	END	1658264500825
USER	First Access	START	1658264500891
REQUEST		First Access - Successo All	1658264500491	1658264501026	KO	status.find.in(200,201,202,203,204,205,206,207,208,209,304), found 503
USER	First Access	END	1658264501027
USER	First Access	START	1658264501091
REQUEST		First Access - Successo All	1658264500691	1658264501224	KO	status.find.in(200,201,202,203,204,205,206,207,208,209,304), found 503
USER	First Access	END	1658264501225
USER	First Access	START	1658264501291
USER	First Access	START	1658264501491
REQUEST		First Access - Successo All	1658264500892	1658264501590	KO	status.find.in(200,201,202,203,204,205,206,207,208,209,304), found 503
USER	First Access	END	1658264501591
REQUEST		First Access - Successo All	1658264501092	1658264501628	KO	status.find.in(200,201,202,203,204,205,206,207,208,209,304), found 503
USER	First Access	END	1658264501629
USER	First Access	START	1658264501692
USER	First Access	START	1658264501891
REQUEST		First Access - Successo All	1658264501491	1658264502016	KO	status.find.in(200,201,202,203,204,205,206,207,208,209,304), found 503
USER	First Access	END	1658264502017
USER	First Access	START	1658264502092
REQUEST		First Access - Successo All	1658264501292	1658264502222	KO	status.find.in(200,201,202,203,204,205,206,207,208,209,304), found 503
USER	First Access	END	1658264502223
USER	First Access	START	1658264502292
REQUEST		First Access - Successo All	1658264501891	1658264502422	KO	status.find.in(200,201,202,203,204,205,206,207,208,209,304), found 503
USER	First Access	END	1658264502423
USER	First Access	START	1658264502491
REQUEST		First Access - Successo All	1658264502093	1658264502619	KO	status.find.in(200,201,202,203,204,205,206,207,208,209,304), found 503
USER	First Access	END	1658264502620
USER	First Access	START	1658264502691
REQUEST		First Access - Successo All	1658264502292	1658264502820	KO	status.find.in(200,201,202,203,204,205,206,207,208,209,304), found 503
USER	First Access	END	1658264502821
USER	First Access	START	1658264502892
REQUEST		First Access - Successo All	1658264502491	1658264503022	KO	status.find.in(200,201,202,203,204,205,206,207,208,209,304), found 503
USER	First Access	END	1658264503022
USER	First Access	START	1658264503091
REQUEST		First Access - Successo All	1658264502691	1658264503225	KO	status.find.in(200,201,202,203,204,205,206,207,208,209,304), found 503
USER	First Access	END	1658264503225
USER	First Access	START	1658264503291
USER	First Access	START	1658264503492
REQUEST		First Access - Successo All	1658264501692	1658264503612	KO	status.find.in(200,201,202,203,204,205,206,207,208,209,304), found 503
USER	First Access	END	1658264503613
USER	First Access	START	1658264503692
REQUEST		First Access - Successo All	1658264503092	1658264503860	KO	status.find.in(200,201,202,203,204,205,206,207,208,209,304), found 503
USER	First Access	END	1658264503860
USER	First Access	START	1658264503892
USER	First Access	START	1658264504092
REQUEST		First Access - Successo All	1658264503292	1658264504129	KO	status.find.in(200,201,202,203,204,205,206,207,208,209,304), found 503
USER	First Access	END	1658264504132
REQUEST		First Access - Successo All	1658264503492	1658264504251	KO	status.find.in(200,201,202,203,204,205,206,207,208,209,304), found 503
REQUEST		First Access - Successo All	1658264503692	1658264504253	KO	status.find.in(200,201,202,203,204,205,206,207,208,209,304), found 503
USER	First Access	END	1658264504253
USER	First Access	END	1658264504253
USER	First Access	START	1658264504293
REQUEST		First Access - Successo All	1658264502892	1658264504377	KO	status.find.in(200,201,202,203,204,205,206,207,208,209,304), found 503
USER	First Access	END	1658264504378
REQUEST		First Access - Successo All	1658264503893	1658264504426	KO	status.find.in(200,201,202,203,204,205,206,207,208,209,304), found 503
USER	First Access	END	1658264504427
USER	First Access	START	1658264504491
REQUEST		First Access - Successo All	1658264504092	1658264504622	KO	status.find.in(200,201,202,203,204,205,206,207,208,209,304), found 503
USER	First Access	END	1658264504623
USER	First Access	START	1658264504691
REQUEST		First Access - Successo All	1658264504293	1658264504828	KO	status.find.in(200,201,202,203,204,205,206,207,208,209,304), found 503
USER	First Access	END	1658264504828
USER	First Access	START	1658264504891
REQUEST		First Access - Successo All	1658264504492	1658264505022	KO	status.find.in(200,201,202,203,204,205,206,207,208,209,304), found 503
USER	First Access	END	1658264505022
USER	First Access	START	1658264505091
REQUEST		First Access - Successo All	1658264504692	1658264505223	KO	status.find.in(200,201,202,203,204,205,206,207,208,209,304), found 503
USER	First Access	END	1658264505223
USER	First Access	START	1658264505292
REQUEST		First Access - Successo All	1658264504891	1658264505414	KO	status.find.in(200,201,202,203,204,205,206,207,208,209,304), found 503
USER	First Access	END	1658264505415
USER	First Access	START	1658264505491
REQUEST		First Access - Successo All	1658264505091	1658264505621	KO	status.find.in(200,201,202,203,204,205,206,207,208,209,304), found 503
USER	First Access	END	1658264505622
USER	First Access	START	1658264505691
REQUEST		First Access - Successo All	1658264505292	1658264505816	KO	status.find.in(200,201,202,203,204,205,206,207,208,209,304), found 503
USER	First Access	END	1658264505817
USER	First Access	START	1658264505891
REQUEST		First Access - Successo All	1658264505491	1658264506019	KO	status.find.in(200,201,202,203,204,205,206,207,208,209,304), found 503
USER	First Access	END	1658264506019
USER	First Access	START	1658264506091
REQUEST		First Access - Successo All	1658264505691	1658264506215	KO	status.find.in(200,201,202,203,204,205,206,207,208,209,304), found 503
USER	First Access	END	1658264506216
USER	First Access	START	1658264506292
REQUEST		First Access - Successo All	1658264505891	1658264506428	KO	status.find.in(200,201,202,203,204,205,206,207,208,209,304), found 503
USER	First Access	END	1658264506429
USER	First Access	START	1658264506491
REQUEST		First Access - Successo All	1658264506092	1658264506624	KO	status.find.in(200,201,202,203,204,205,206,207,208,209,304), found 503
USER	First Access	END	1658264506624
USER	First Access	START	1658264506691
USER	First Access	START	1658264506891
USER	First Access	START	1658264507091
REQUEST		First Access - Successo All	1658264506692	1658264507217	KO	status.find.in(200,201,202,203,204,205,206,207,208,209,304), found 503
USER	First Access	END	1658264507218
REQUEST		First Access - Successo All	1658264506292	1658264507232	KO	status.find.in(200,201,202,203,204,205,206,207,208,209,304), found 503
USER	First Access	END	1658264507233
USER	First Access	START	1658264507290
REQUEST		First Access - Successo All	1658264506491	1658264507421	KO	status.find.in(200,201,202,203,204,205,206,207,208,209,304), found 503
REQUEST		First Access - Successo All	1658264506891	1658264507422	KO	status.find.in(200,201,202,203,204,205,206,207,208,209,304), found 503
USER	First Access	END	1658264507422
USER	First Access	END	1658264507422
USER	First Access	START	1658264507490
USER	First Access	START	1658264507692
USER	First Access	START	1658264507892
REQUEST		First Access - Successo All	1658264507291	1658264508000	KO	status.find.in(200,201,202,203,204,205,206,207,208,209,304), found 503
USER	First Access	END	1658264508000
USER	First Access	START	1658264508091
REQUEST		First Access - Successo All	1658264507692	1658264508217	KO	status.find.in(200,201,202,203,204,205,206,207,208,209,304), found 503
USER	First Access	END	1658264508218
USER	First Access	START	1658264508291
REQUEST		First Access - Successo All	1658264507892	1658264508425	KO	status.find.in(200,201,202,203,204,205,206,207,208,209,304), found 503
USER	First Access	END	1658264508426
REQUEST		First Access - Successo All	1658264507491	1658264508428	KO	status.find.in(200,201,202,203,204,205,206,207,208,209,304), found 503
USER	First Access	END	1658264508429
USER	First Access	START	1658264508491
USER	First Access	START	1658264508691
REQUEST		First Access - Successo All	1658264508092	1658264508803	KO	status.find.in(200,201,202,203,204,205,206,207,208,209,304), found 503
USER	First Access	END	1658264508804
REQUEST		First Access - Successo All	1658264508292	1658264508824	KO	status.find.in(200,201,202,203,204,205,206,207,208,209,304), found 503
USER	First Access	END	1658264508825
USER	First Access	START	1658264508892
REQUEST		First Access - Successo All	1658264508491	1658264509023	KO	status.find.in(200,201,202,203,204,205,206,207,208,209,304), found 503
USER	First Access	END	1658264509024
USER	First Access	START	1658264509090
REQUEST		First Access - Successo All	1658264508691	1658264509223	KO	status.find.in(200,201,202,203,204,205,206,207,208,209,304), found 503
USER	First Access	END	1658264509224
USER	First Access	START	1658264509291
REQUEST		First Access - Successo All	1658264507092	1658264509362	KO	status.find.in(200,201,202,203,204,205,206,207,208,209,304), found 503
USER	First Access	END	1658264509363
REQUEST		First Access - Successo All	1658264508892	1658264509423	KO	status.find.in(200,201,202,203,204,205,206,207,208,209,304), found 503
USER	First Access	END	1658264509424
USER	First Access	START	1658264509490
REQUEST		First Access - Successo All	1658264509091	1658264509622	KO	status.find.in(200,201,202,203,204,205,206,207,208,209,304), found 503
USER	First Access	END	1658264509623
USER	First Access	START	1658264509691
REQUEST		First Access - Successo All	1658264509291	1658264509818	KO	status.find.in(200,201,202,203,204,205,206,207,208,209,304), found 503
USER	First Access	END	1658264509819
USER	First Access	START	1658264509891
REQUEST		First Access - Successo All	1658264509491	1658264510024	KO	status.find.in(200,201,202,203,204,205,206,207,208,209,304), found 503
USER	First Access	END	1658264510024
USER	First Access	START	1658264510091
REQUEST		First Access - Successo All	1658264509692	1658264510224	KO	status.find.in(200,201,202,203,204,205,206,207,208,209,304), found 503
USER	First Access	END	1658264510225
USER	First Access	START	1658264510292
REQUEST		First Access - Successo All	1658264509891	1658264510416	KO	status.find.in(200,201,202,203,204,205,206,207,208,209,304), found 503
USER	First Access	END	1658264510417
USER	First Access	START	1658264510492
REQUEST		First Access - Successo All	1658264510092	1658264510627	KO	status.find.in(200,201,202,203,204,205,206,207,208,209,304), found 503
USER	First Access	END	1658264510628
USER	First Access	START	1658264510691
USER	First Access	START	1658264510891
REQUEST		First Access - Successo All	1658264510492	1658264511025	KO	status.find.in(200,201,202,203,204,205,206,207,208,209,304), found 503
USER	First Access	END	1658264511026
USER	First Access	START	1658264511091
REQUEST		First Access - Successo All	1658264510292	1658264511236	KO	status.find.in(200,201,202,203,204,205,206,207,208,209,304), found 503
USER	First Access	END	1658264511236
USER	First Access	START	1658264511291
USER	First Access	START	1658264511491
USER	First Access	START	1658264511691
REQUEST		First Access - Successo All	1658264511092	1658264511792	KO	status.find.in(200,201,202,203,204,205,206,207,208,209,304), found 503
USER	First Access	END	1658264511792
REQUEST		First Access - Successo All	1658264510692	1658264511810	KO	status.find.in(200,201,202,203,204,205,206,207,208,209,304), found 503
USER	First Access	END	1658264511810
REQUEST		First Access - Successo All	1658264510892	1658264511825	KO	status.find.in(200,201,202,203,204,205,206,207,208,209,304), found 503
USER	First Access	END	1658264511825
USER	First Access	START	1658264511892
REQUEST		First Access - Successo All	1658264511492	1658264512022	KO	status.find.in(200,201,202,203,204,205,206,207,208,209,304), found 503
USER	First Access	END	1658264512022
USER	First Access	START	1658264512092
REQUEST		First Access - Successo All	1658264511292	1658264512408	KO	status.find.in(200,201,202,203,204,205,206,207,208,209,304), found 503
USER	First Access	END	1658264512409
REQUEST		First Access - Successo All	1658264511892	1658264512427	KO	status.find.in(200,201,202,203,204,205,206,207,208,209,304), found 503
USER	First Access	END	1658264512428
REQUEST		First Access - Successo All	1658264512092	1658264512618	KO	status.find.in(200,201,202,203,204,205,206,207,208,209,304), found 503
USER	First Access	END	1658264512619
REQUEST		First Access - Successo All	1658264511691	1658264512761	KO	status.find.in(200,201,202,203,204,205,206,207,208,209,304), found 503
USER	First Access	END	1658264512762
