RUN	debitoAutomatico.testes.FirstAccessSuccess	firstaccesssuccess	1658266158399	 	3.6.1
USER	First Access	START	1658266159986
REQUEST		First Access - Successo All	1658266160007	1658266160955	OK	 
USER	First Access	END	1658266160975
USER	First Access	START	1658266160977
REQUEST		First Access - Successo All	1658266160978	1658266161955	OK	 
USER	First Access	END	1658266161956
USER	First Access	START	1658266161977
REQUEST		First Access - Successo All	1658266161978	1658266162907	OK	 
USER	First Access	END	1658266162908
USER	First Access	START	1658266162973
USER	First Access	START	1658266163973
REQUEST		First Access - Successo All	1658266162974	1658266164067	OK	 
USER	First Access	END	1658266164068
USER	First Access	START	1658266164973
REQUEST		First Access - Successo All	1658266163974	1658266165444	OK	 
USER	First Access	END	1658266165446
REQUEST		First Access - Successo All	1658266164974	1658266165795	OK	 
USER	First Access	END	1658266165796
USER	First Access	START	1658266165974
REQUEST		First Access - Successo All	1658266165975	1658266166890	OK	 
USER	First Access	END	1658266166891
USER	First Access	START	1658266166973
REQUEST		First Access - Successo All	1658266166974	1658266167884	OK	 
USER	First Access	END	1658266167885
USER	First Access	START	1658266167974
USER	First Access	START	1658266168974
REQUEST		First Access - Successo All	1658266167975	1658266169436	OK	 
USER	First Access	END	1658266169438
REQUEST		First Access - Successo All	1658266168975	1658266169886	OK	 
USER	First Access	END	1658266169887
USER	First Access	START	1658266169974
USER	First Access	START	1658266170974
REQUEST		First Access - Successo All	1658266169975	1658266170970	KO	status.find.in(200,201,202,203,204,205,206,207,208,209,304), found 503
USER	First Access	END	1658266170975
REQUEST		First Access - Successo All	1658266170974	1658266171894	OK	 
USER	First Access	END	1658266171896
USER	First Access	START	1658266171974
REQUEST		First Access - Successo All	1658266171975	1658266172879	OK	 
USER	First Access	END	1658266172880
USER	First Access	START	1658266172973
USER	First Access	START	1658266173972
REQUEST		First Access - Successo All	1658266172974	1658266174298	OK	 
USER	First Access	END	1658266174299
USER	First Access	START	1658266174974
REQUEST		First Access - Successo All	1658266173973	1658266175025	OK	 
USER	First Access	END	1658266175026
REQUEST		First Access - Successo All	1658266174976	1658266175879	OK	 
USER	First Access	END	1658266175881
USER	First Access	START	1658266175974
REQUEST		First Access - Successo All	1658266175975	1658266176879	OK	 
USER	First Access	END	1658266176881
USER	First Access	START	1658266176974
REQUEST		First Access - Successo All	1658266176974	1658266177545	KO	status.find.in(200,201,202,203,204,205,206,207,208,209,304), found 503
USER	First Access	END	1658266177547
USER	First Access	START	1658266177974
REQUEST		First Access - Successo All	1658266177975	1658266178548	KO	status.find.in(200,201,202,203,204,205,206,207,208,209,304), found 503
USER	First Access	END	1658266178549
USER	First Access	START	1658266178974
USER	First Access	START	1658266179973
REQUEST		First Access - Successo All	1658266178975	1658266180411	OK	 
USER	First Access	END	1658266180412
REQUEST		First Access - Successo All	1658266179974	1658266180881	OK	 
USER	First Access	END	1658266180882
USER	First Access	START	1658266180974
REQUEST		First Access - Successo All	1658266180974	1658266181890	OK	 
USER	First Access	END	1658266181892
USER	First Access	START	1658266181974
USER	First Access	START	1658266182974
REQUEST		First Access - Successo All	1658266181975	1658266183109	KO	status.find.in(200,201,202,203,204,205,206,207,208,209,304), found 503
USER	First Access	END	1658266183111
REQUEST		First Access - Successo All	1658266182975	1658266183887	OK	 
USER	First Access	END	1658266183888
USER	First Access	START	1658266183973
REQUEST		First Access - Successo All	1658266183974	1658266184880	OK	 
USER	First Access	END	1658266184881
USER	First Access	START	1658266184974
REQUEST		First Access - Successo All	1658266184975	1658266185894	OK	 
USER	First Access	END	1658266185895
USER	First Access	START	1658266185973
REQUEST		First Access - Successo All	1658266185974	1658266186885	OK	 
USER	First Access	END	1658266186886
USER	First Access	START	1658266186973
USER	First Access	START	1658266187974
REQUEST		First Access - Successo All	1658266186974	1658266188012	OK	 
USER	First Access	END	1658266188013
USER	First Access	START	1658266188974
REQUEST		First Access - Successo All	1658266187974	1658266189303	OK	 
USER	First Access	END	1658266189304
REQUEST		First Access - Successo All	1658266188975	1658266189767	OK	 
USER	First Access	END	1658266189768
USER	First Access	START	1658266189973
USER	First Access	START	1658266190973
REQUEST		First Access - Successo All	1658266189974	1658266191670	OK	 
USER	First Access	END	1658266191672
REQUEST		First Access - Successo All	1658266190974	1658266191883	OK	 
USER	First Access	END	1658266191884
USER	First Access	START	1658266191973
REQUEST		First Access - Successo All	1658266191974	1658266192883	OK	 
USER	First Access	END	1658266192884
USER	First Access	START	1658266192973
REQUEST		First Access - Successo All	1658266192974	1658266193534	KO	status.find.in(200,201,202,203,204,205,206,207,208,209,304), found 503
USER	First Access	END	1658266193536
USER	First Access	START	1658266193973
REQUEST		First Access - Successo All	1658266193974	1658266194899	OK	 
USER	First Access	END	1658266194900
USER	First Access	START	1658266194973
REQUEST		First Access - Successo All	1658266194974	1658266195870	OK	 
USER	First Access	END	1658266195871
USER	First Access	START	1658266195974
USER	First Access	START	1658266196974
REQUEST		First Access - Successo All	1658266195974	1658266197052	OK	 
USER	First Access	END	1658266197052
REQUEST		First Access - Successo All	1658266196975	1658266197884	OK	 
USER	First Access	END	1658266197885
USER	First Access	START	1658266197974
REQUEST		First Access - Successo All	1658266197975	1658266198885	OK	 
USER	First Access	END	1658266198886
USER	First Access	START	1658266198973
REQUEST		First Access - Successo All	1658266198974	1658266199899	OK	 
USER	First Access	END	1658266199900
USER	First Access	START	1658266199973
REQUEST		First Access - Successo All	1658266199973	1658266200551	KO	status.find.in(200,201,202,203,204,205,206,207,208,209,304), found 503
USER	First Access	END	1658266200553
USER	First Access	START	1658266200975
REQUEST		First Access - Successo All	1658266200976	1658266201547	KO	status.find.in(200,201,202,203,204,205,206,207,208,209,304), found 503
USER	First Access	END	1658266201548
USER	First Access	START	1658266201974
REQUEST		First Access - Successo All	1658266201974	1658266202898	OK	 
USER	First Access	END	1658266202899
USER	First Access	START	1658266202973
USER	First Access	START	1658266203973
REQUEST		First Access - Successo All	1658266202974	1658266204818	OK	 
USER	First Access	END	1658266204819
USER	First Access	START	1658266204974
REQUEST		First Access - Successo All	1658266203974	1658266205083	OK	 
USER	First Access	END	1658266205085
USER	First Access	START	1658266205974
REQUEST		First Access - Successo All	1658266204975	1658266206207	KO	status.find.in(200,201,202,203,204,205,206,207,208,209,304), found 503
USER	First Access	END	1658266206208
REQUEST		First Access - Successo All	1658266205975	1658266206881	OK	 
USER	First Access	END	1658266206882
USER	First Access	START	1658266206974
USER	First Access	START	1658266207973
REQUEST		First Access - Successo All	1658266206975	1658266208064	OK	 
USER	First Access	END	1658266208065
REQUEST		First Access - Successo All	1658266207974	1658266208886	OK	 
USER	First Access	END	1658266208887
USER	First Access	START	1658266208974
REQUEST		First Access - Successo All	1658266208975	1658266209890	OK	 
USER	First Access	END	1658266209891
USER	First Access	START	1658266209974
REQUEST		First Access - Successo All	1658266209974	1658266210887	OK	 
USER	First Access	END	1658266210888
USER	First Access	START	1658266210974
REQUEST		First Access - Successo All	1658266210975	1658266211885	OK	 
USER	First Access	END	1658266211886
USER	First Access	START	1658266211973
REQUEST		First Access - Successo All	1658266211974	1658266212877	OK	 
USER	First Access	END	1658266212878
USER	First Access	START	1658266212974
REQUEST		First Access - Successo All	1658266212975	1658266213884	OK	 
USER	First Access	END	1658266213885
USER	First Access	START	1658266213973
REQUEST		First Access - Successo All	1658266213974	1658266214887	OK	 
USER	First Access	END	1658266214888
USER	First Access	START	1658266214973
USER	First Access	START	1658266215974
REQUEST		First Access - Successo All	1658266214974	1658266216139	OK	 
USER	First Access	END	1658266216140
REQUEST		First Access - Successo All	1658266215974	1658266216523	KO	status.find.in(200,201,202,203,204,205,206,207,208,209,304), found 503
USER	First Access	END	1658266216524
USER	First Access	START	1658266216973
REQUEST		First Access - Successo All	1658266216974	1658266217874	OK	 
USER	First Access	END	1658266217874
USER	First Access	START	1658266217973
USER	First Access	START	1658266218974
REQUEST		First Access - Successo All	1658266217973	1658266219082	OK	 
USER	First Access	END	1658266219083
REQUEST		First Access - Successo All	1658266218974	1658266219874	OK	 
USER	First Access	END	1658266219875
